#
# There is insufficient memory for the Java Runtime Environment to continue.
# Native memory allocation (malloc) failed to allocate 1584736 bytes for Chunk::new
# Possible reasons:
#   The system is out of physical RAM or swap space
#   In 32 bit mode, the process size limit was hit
# Possible solutions:
#   Reduce memory load on the system
#   Increase physical memory or swap space
#   Check if swap backing store is full
#   Use 64 bit Java on a 64 bit OS
#   Decrease Java heap size (-Xmx/-Xms)
#   Decrease number of Java threads
#   Decrease Java thread stack sizes (-Xss)
#   Set larger code cache with -XX:ReservedCodeCacheSize=
# This output file may be truncated or incomplete.
#
#  Out of Memory Error (allocation.cpp:390), pid=2712, tid=8236
#
# JRE version: Java(TM) SE Runtime Environment (8.0_45-b14) (build 1.8.0_45-b14)
# Java VM: Java HotSpot(TM) 64-Bit Server VM (25.45-b02 mixed mode windows-amd64 compressed oops)
# Failed to write core dump. Minidumps are not enabled by default on client versions of Windows
#

---------------  T H R E A D  ---------------

Current thread (0x00000000551bd800):  JavaThread "C2 CompilerThread1" daemon [_thread_in_native, id=8236, stack(0x0000000056b50000,0x0000000056c50000)]

Stack: [0x0000000056b50000,0x0000000056c50000]
[error occurred during error reporting (printing stack bounds), id 0xc0000005]

Native frames: (J=compiled Java code, j=interpreted, Vv=VM code, C=native code)
V  [jvm.dll+0x32b57a]


Current CompileTask:
C2:  19128 1351   !   4       com.android.dx.cf.code.BytecodeArray::parseInstruction (2764 bytes)


---------------  P R O C E S S  ---------------

Java Threads: ( => current thread )
  0x0000000056cd7000 JavaThread "Service Thread" daemon [_thread_blocked, id=4452, stack(0x0000000057280000,0x0000000057380000)]
  0x00000000551bf000 JavaThread "C1 CompilerThread2" daemon [_thread_in_vm, id=7508, stack(0x0000000057070000,0x0000000057170000)]
=>0x00000000551bd800 JavaThread "C2 CompilerThread1" daemon [_thread_in_native, id=8236, stack(0x0000000056b50000,0x0000000056c50000)]
  0x00000000551b6000 JavaThread "C2 CompilerThread0" daemon [_thread_in_native, id=2796, stack(0x00000000568c0000,0x00000000569c0000)]
  0x00000000551b1800 JavaThread "Attach Listener" daemon [_thread_blocked, id=7220, stack(0x00000000560d0000,0x00000000561d0000)]
  0x00000000551b0000 JavaThread "Signal Dispatcher" daemon [_thread_blocked, id=728, stack(0x00000000566f0000,0x00000000567f0000)]
  0x0000000055156800 JavaThread "Finalizer" daemon [_thread_blocked, id=8908, stack(0x00000000565a0000,0x00000000566a0000)]
  0x000000005514f800 JavaThread "Reference Handler" daemon [_thread_blocked, id=2512, stack(0x00000000563a0000,0x00000000564a0000)]
  0x000000000243d800 JavaThread "main" [_thread_blocked, id=8244, stack(0x00000000025f0000,0x00000000026f0000)]

Other Threads:
  0x000000005514a000 VMThread [stack: 0x00000000561d0000,0x00000000562d0000] [id=10204]
  0x0000000056cd9000 WatcherThread [stack: 0x0000000056a00000,0x0000000056b00000] [id=5072]

VM state:not at safepoint (normal execution)

VM Mutex/Monitor currently owned by a thread:  ([mutex/lock_event])
[0x000000000243b420] CodeCache_lock - owner thread: 0x00000000551bf000
[0x000000000243cad0] Compile_lock - owner thread: 0x00000000551bf000
[0x000000000243cbd0] MethodCompileQueue_lock - owner thread: 0x00000000551bf000

Heap:
 PSYoungGen      total 35328K, used 5362K [0x00000000eab00000, 0x00000000ed000000, 0x0000000100000000)
  eden space 32768K, 8% used [0x00000000eab00000,0x00000000eadc2f08,0x00000000ecb00000)
  from space 2560K, 99% used [0x00000000ecd80000,0x00000000ecff9c78,0x00000000ed000000)
  to   space 2560K, 0% used [0x00000000ecb00000,0x00000000ecb00000,0x00000000ecd80000)
 ParOldGen       total 44032K, used 4341K [0x00000000c0000000, 0x00000000c2b00000, 0x00000000eab00000)
  object space 44032K, 9% used [0x00000000c0000000,0x00000000c043d490,0x00000000c2b00000)
 Metaspace       used 5788K, capacity 7024K, committed 7296K, reserved 1056768K
  class space    used 552K, capacity 616K, committed 640K, reserved 1048576K

Card table byte_map: [0x0000000011d80000,0x0000000011f90000] byte_map_base: 0x0000000011780000

Marking Bits: (ParMarkBitMap*) 0x0000000060bf4040
 Begin Bits: [0x00000000125c0000, 0x00000000135c0000)
 End Bits:   [0x00000000135c0000, 0x00000000145c0000)

Polling page: 0x0000000000130000

CodeCache: size=245760Kb used=5810Kb max_used=5810Kb free=239949Kb
 bounds [0x00000000029c0000, 0x0000000002f80000, 0x00000000119c0000]
 total_blobs=1707 nmethods=1441 adapters=178
 compilation: enabled

Compilation events (10 events):
Event: 16.836 Thread 0x00000000551bf000 nmethod 1402 0x0000000002f45090 code [0x0000000002f452e0, 0x0000000002f45e18]
Event: 16.885 Thread 0x00000000551b6000 nmethod 1389% 0x0000000002f49b50 code [0x0000000002f49ce0, 0x0000000002f4a718]
Event: 16.886 Thread 0x00000000551b6000 1404   !   4       com.android.dx.rop.code.BasicBlock::<init> (273 bytes)
Event: 16.897 Thread 0x00000000551bf000 1405       3       com.android.dx.ssa.back.FirstFitLocalCombiningAllocator$Multiset::add (68 bytes)
Event: 16.899 Thread 0x00000000551bf000 nmethod 1405 0x0000000002f49450 code [0x0000000002f495e0, 0x0000000002f498d0]
Event: 16.907 Thread 0x00000000551bf000 1406       3       java.util.RegularEnumSet::remove (74 bytes)
Event: 16.909 Thread 0x00000000551bf000 nmethod 1406 0x0000000002f48bd0 code [0x0000000002f48d60, 0x0000000002f492e8]
Event: 16.916 Thread 0x00000000551bf000 1407       3       sun.misc.SharedSecrets::getJavaLangAccess (4 bytes)
Event: 16.917 Thread 0x00000000551bf000 nmethod 1407 0x0000000002f488d0 code [0x0000000002f48a20, 0x0000000002f48b50]
Event: 16.917 Thread 0x00000000551bf000 1408       3       com.android.dx.ssa.SsaConverter::convertToSsaMethod (41 bytes)

GC Heap History (4 events):
Event: 10.891 GC heap before
{Heap before GC invocations=1 (full 0):
 PSYoungGen      total 18944K, used 16384K [0x00000000eab00000, 0x00000000ec000000, 0x0000000100000000)
  eden space 16384K, 100% used [0x00000000eab00000,0x00000000ebb00000,0x00000000ebb00000)
  from space 2560K, 0% used [0x00000000ebd80000,0x00000000ebd80000,0x00000000ec000000)
  to   space 2560K, 0% used [0x00000000ebb00000,0x00000000ebb00000,0x00000000ebd80000)
 ParOldGen       total 44032K, used 0K [0x00000000c0000000, 0x00000000c2b00000, 0x00000000eab00000)
  object space 44032K, 0% used [0x00000000c0000000,0x00000000c0000000,0x00000000c2b00000)
 Metaspace       used 5559K, capacity 6832K, committed 7040K, reserved 1056768K
  class space    used 551K, capacity 616K, committed 640K, reserved 1048576K
Event: 14.180 GC heap after
Heap after GC invocations=1 (full 0):
 PSYoungGen      total 18944K, used 2538K [0x00000000eab00000, 0x00000000ed000000, 0x0000000100000000)
  eden space 16384K, 0% used [0x00000000eab00000,0x00000000eab00000,0x00000000ebb00000)
  from space 2560K, 99% used [0x00000000ebb00000,0x00000000ebd7aaa8,0x00000000ebd80000)
  to   space 2560K, 0% used [0x00000000ecd80000,0x00000000ecd80000,0x00000000ed000000)
 ParOldGen       total 44032K, used 1710K [0x00000000c0000000, 0x00000000c2b00000, 0x00000000eab00000)
  object space 44032K, 3% used [0x00000000c0000000,0x00000000c01abba0,0x00000000c2b00000)
 Metaspace       used 5559K, capacity 6832K, committed 7040K, reserved 1056768K
  class space    used 551K, capacity 616K, committed 640K, reserved 1048576K
}
Event: 16.205 GC heap before
{Heap before GC invocations=2 (full 0):
 PSYoungGen      total 18944K, used 18922K [0x00000000eab00000, 0x00000000ed000000, 0x0000000100000000)
  eden space 16384K, 100% used [0x00000000eab00000,0x00000000ebb00000,0x00000000ebb00000)
  from space 2560K, 99% used [0x00000000ebb00000,0x00000000ebd7aaa8,0x00000000ebd80000)
  to   space 2560K, 0% used [0x00000000ecd80000,0x00000000ecd80000,0x00000000ed000000)
 ParOldGen       total 44032K, used 1710K [0x00000000c0000000, 0x00000000c2b00000, 0x00000000eab00000)
  object space 44032K, 3% used [0x00000000c0000000,0x00000000c01abba0,0x00000000c2b00000)
 Metaspace       used 5701K, capacity 6960K, committed 7040K, reserved 1056768K
  class space    used 551K, capacity 616K, committed 640K, reserved 1048576K
Event: 16.714 GC heap after
Heap after GC invocations=2 (full 0):
 PSYoungGen      total 35328K, used 2535K [0x00000000eab00000, 0x00000000ed000000, 0x0000000100000000)
  eden space 32768K, 0% used [0x00000000eab00000,0x00000000eab00000,0x00000000ecb00000)
  from space 2560K, 99% used [0x00000000ecd80000,0x00000000ecff9c78,0x00000000ed000000)
  to   space 2560K, 0% used [0x00000000ecb00000,0x00000000ecb00000,0x00000000ecd80000)
 ParOldGen       total 44032K, used 4341K [0x00000000c0000000, 0x00000000c2b00000, 0x00000000eab00000)
  object space 44032K, 9% used [0x00000000c0000000,0x00000000c043d490,0x00000000c2b00000)
 Metaspace       used 5701K, capacity 6960K, committed 7040K, reserved 1056768K
  class space    used 551K, capacity 616K, committed 640K, reserved 1048576K
}

Deoptimization events (8 events):
Event: 4.729 Thread 0x000000000243d800 Uncommon trap: reason=unstable_if action=reinterpret pc=0x0000000002c132bc method=java.util.HashMap.getNode(ILjava/lang/Object;)Ljava/util/HashMap$Node; @ 129
Event: 6.875 Thread 0x000000000243d800 Uncommon trap: reason=class_check action=maybe_recompile pc=0x0000000002cc99a0 method=com.android.dx.ssa.NormalSsaInsn.accept(Lcom/android/dx/ssa/SsaInsn$Visitor;)V @ 9
Event: 6.875 Thread 0x000000000243d800 Uncommon trap: reason=class_check action=maybe_recompile pc=0x0000000002cc99a0 method=com.android.dx.ssa.NormalSsaInsn.accept(Lcom/android/dx/ssa/SsaInsn$Visitor;)V @ 9
Event: 6.876 Thread 0x000000000243d800 Uncommon trap: reason=class_check action=maybe_recompile pc=0x0000000002cc99a0 method=com.android.dx.ssa.NormalSsaInsn.accept(Lcom/android/dx/ssa/SsaInsn$Visitor;)V @ 9
Event: 6.876 Thread 0x000000000243d800 Uncommon trap: reason=class_check action=maybe_recompile pc=0x0000000002cc99a0 method=com.android.dx.ssa.NormalSsaInsn.accept(Lcom/android/dx/ssa/SsaInsn$Visitor;)V @ 9
Event: 10.584 Thread 0x000000000243d800 Uncommon trap: reason=null_check action=make_not_entrant pc=0x0000000002d91be8 method=com.android.dx.ssa.SsaRenamer.getLocalForNewReg(I)Lcom/android/dx/rop/code/LocalItem; @ 19
Event: 10.585 Thread 0x000000000243d800 Uncommon trap: reason=null_check action=make_not_entrant pc=0x0000000002d98ee4 method=com.android.dx.ssa.SsaRenamer.getLocalForNewReg(I)Lcom/android/dx/rop/code/LocalItem; @ 19
Event: 14.870 Thread 0x000000000243d800 Uncommon trap: reason=unstable_if action=reinterpret pc=0x0000000002dd22c4 method=com.android.dx.ssa.SsaRenamer$BlockRenamer.addMapping(ILcom/android/dx/rop/code/RegisterSpec;)V @ 120

Internal exceptions (4 events):
Event: 0.200 Thread 0x000000000243d800 Exception <a 'java/lang/NoSuchMethodError': Method sun.misc.Unsafe.defineClass(Ljava/lang/String;[BII)Ljava/lang/Class; name or signature does not match> (0x00000000eab0d220) thrown at [C:\re\workspace\8-2-build-windows-amd64-cygwin\jdk8u45\3457\hotspot\srÌÆLg¤É?
Event: 0.200 Thread 0x000000000243d800 Exception <a 'java/lang/NoSuchMethodError': Method sun.misc.Unsafe.prefetchRead(Ljava/lang/Object;J)V name or signature does not match> (0x00000000eab0d4b0) thrown at [C:\re\workspace\8-2-build-windows-amd64-cygwin\jdk8u45\3457\hotspot\src\share\vm\prims\j•ôt¨+%@
Event: 10.584 Thread 0x000000000243d800 Implicit null exception at 0x0000000002d8f746 to 0x0000000002d91b9d
Event: 10.585 Thread 0x000000000243d800 Implicit null exception at 0x0000000002d96e44 to 0x0000000002d98eb9

Events (10 events):
Event: 14.180 Executing VM operation: ParallelGCFailedAllocation done
Event: 14.870 Thread 0x000000000243d800 Uncommon trap: trap_request=0xffffff65 fr.pc=0x0000000002dd22c4
Event: 14.870 Thread 0x000000000243d800 DEOPT PACKING pc=0x0000000002dd22c4 sp=0x00000000026ee8a0
Event: 14.870 Thread 0x000000000243d800 DEOPT UNPACKING pc=0x0000000002a0582a sp=0x00000000026ee830 mode 2
Event: 16.205 Executing VM operation: ParallelGCFailedAllocation
Event: 16.715 Executing VM operation: ParallelGCFailedAllocation done
Event: 16.773 loading class com/android/dx/cf/code/BytecodeArray$ConstantParserVisitor
Event: 16.773 loading class com/android/dx/cf/code/BytecodeArray$ConstantParserVisitor done
Event: 16.838 loading class com/android/dx/cf/code/SwitchList
Event: 16.838 loading class com/android/dx/cf/code/SwitchList done


Dynamic libraries:
0x000000013f230000 - 0x000000013f267000 	C:\Program Files\Java\jdk1.8.0_45\bin\java.exe
0x0000000077480000 - 0x0000000077628000 	C:\Windows\SYSTEM32\ntdll.dll
0x0000000077260000 - 0x000000007737f000 	C:\Windows\system32\kernel32.dll
0x000007fefd2e0000 - 0x000007fefd34c000 	C:\Windows\system32\KERNELBASE.dll
0x000007fefd800000 - 0x000007fefd8db000 	C:\Windows\system32\ADVAPI32.dll
0x000007fefe230000 - 0x000007fefe2cf000 	C:\Windows\system32\msvcrt.dll
0x000007fefdf40000 - 0x000007fefdf5f000 	C:\Windows\SYSTEM32\sechost.dll
0x000007fefe2d0000 - 0x000007fefe3fd000 	C:\Windows\system32\RPCRT4.dll
0x0000000077380000 - 0x000000007747a000 	C:\Windows\system32\USER32.dll
0x000007fefded0000 - 0x000007fefdf37000 	C:\Windows\system32\GDI32.dll
0x000007fefe510000 - 0x000007fefe51e000 	C:\Windows\system32\LPK.dll
0x000007feff6c0000 - 0x000007feff789000 	C:\Windows\system32\USP10.dll
0x000007fefbb10000 - 0x000007fefbd04000 	C:\Windows\WinSxS\amd64_microsoft.windows.common-controls_6595b64144ccf1df_6.0.7601.18837_none_fa3b1e3d17594757\COMCTL32.dll
0x000007fefe810000 - 0x000007fefe881000 	C:\Windows\system32\SHLWAPI.dll
0x000007fefe4e0000 - 0x000007fefe50e000 	C:\Windows\system32\IMM32.DLL
0x000007fefd8e0000 - 0x000007fefd9e9000 	C:\Windows\system32\MSCTF.dll
0x000007fefd160000 - 0x000007fefd1a0000 	C:\Windows\system32\nvinitx.dll
0x000000006ae00000 - 0x000000006aed2000 	C:\Program Files\Java\jdk1.8.0_45\jre\bin\msvcr100.dll
0x00000000603f0000 - 0x0000000060c73000 	C:\Program Files\Java\jdk1.8.0_45\jre\bin\server\jvm.dll
0x000007fefbaf0000 - 0x000007fefbaf9000 	C:\Windows\system32\WSOCK32.dll
0x000007fefdb10000 - 0x000007fefdb5d000 	C:\Windows\system32\WS2_32.dll
0x000007fefe800000 - 0x000007fefe808000 	C:\Windows\system32\NSI.dll
0x000007fef93a0000 - 0x000007fef93db000 	C:\Windows\system32\WINMM.dll
0x000007fefc110000 - 0x000007fefc11c000 	C:\Windows\system32\VERSION.dll
0x0000000077650000 - 0x0000000077657000 	C:\Windows\system32\PSAPI.DLL
0x000000006f600000 - 0x000000006f60f000 	C:\Program Files\Java\jdk1.8.0_45\jre\bin\verify.dll
0x000000006c4f0000 - 0x000000006c519000 	C:\Program Files\Java\jdk1.8.0_45\jre\bin\java.dll
0x000000006c820000 - 0x000000006c836000 	C:\Program Files\Java\jdk1.8.0_45\jre\bin\zip.dll
0x000007fefe930000 - 0x000007feff6b9000 	C:\Windows\system32\SHELL32.dll
0x000007fefd5f0000 - 0x000007fefd7f3000 	C:\Windows\system32\ole32.dll
0x000007fefd230000 - 0x000007fefd23f000 	C:\Windows\system32\profapi.dll

VM Arguments:
jvm_args: -Xmx1024M -Dfile.encoding=windows-1252 -Duser.country=US -Duser.language=en -Duser.variant 
java_command: com.android.dx.command.Main --dex --output C:\Users\USER\AndroidStudioProjects\TangoTvCli\app\build\intermediates\pre-dexed\release\gson-2.3.1-ef9e1adc87ae13828db56b2f553a77b2a2e33a07.jar C:\Users\USER\.gradle\caches\modules-2\files-2.1\com.google.code.gson\gson\2.3.1\ecb6e1f8e4b0e84c4b886c2f14a1500caf309757\gson-2.3.1.jar
java_class_path (initial): C:\Users\USER\AppData\Local\Android\sdk\build-tools\22.0.0\lib\dx.jar
Launcher Type: SUN_STANDARD

Environment Variables:
JAVA_HOME=C:\Program Files (x86)\Java\jre1.8.0_45
PATH=C:\ProgramData\Oracle\Java\javapath;C:\Windows\system32;C:\Windows;C:\Windows\System32\Wbem;C:\Program Files (x86)\Java\jre1.8.0_45\bin;C:\wamp\bin\php\php5.5.12;C:\ProgramData\ComposerSetup\bin;C:\Program Files (x86)\Java\jre1.8.0_45\bin
USERNAME=USER
OS=Windows_NT
PROCESSOR_IDENTIFIER=Intel64 Family 6 Model 42 Stepping 7, GenuineIntel



---------------  S Y S T E M  ---------------

OS: Windows 7 , 64 bit Build 7601 (6.1.7601.18847)

CPU:total 4 (2 cores per cpu, 2 threads per core) family 6 model 42 stepping 7, cmov, cx8, fxsr, mmx, sse, sse2, sse3, ssse3, sse4.1, sse4.2, popcnt, avx, aes, clmul, ht, tsc, tscinvbit

Memory: 4k page, physical 4072464k(162188k free), swap 8244400k(3732k free)

vm_info: Java HotSpot(TM) 64-Bit Server VM (25.45-b02) for windows-amd64 JRE (1.8.0_45-b14), built on Apr 10 2015 10:34:15 by "java_re" with MS VC++ 10.0 (VS2010)

time: Mon Jun 22 17:51:41 2015
elapsed time: 22 seconds (0d 0h 0m 22s)

