#
# There is insufficient memory for the Java Runtime Environment to continue.
# Native memory allocation (malloc) failed to allocate 1316432 bytes for Chunk::new
# Possible reasons:
#   The system is out of physical RAM or swap space
#   In 32 bit mode, the process size limit was hit
# Possible solutions:
#   Reduce memory load on the system
#   Increase physical memory or swap space
#   Check if swap backing store is full
#   Use 64 bit Java on a 64 bit OS
#   Decrease Java heap size (-Xmx/-Xms)
#   Decrease number of Java threads
#   Decrease Java thread stack sizes (-Xss)
#   Set larger code cache with -XX:ReservedCodeCacheSize=
# This output file may be truncated or incomplete.
#
#  Out of Memory Error (allocation.cpp:390), pid=5108, tid=4476
#
# JRE version: Java(TM) SE Runtime Environment (8.0_45-b14) (build 1.8.0_45-b14)
# Java VM: Java HotSpot(TM) 64-Bit Server VM (25.45-b02 mixed mode windows-amd64 compressed oops)
# Failed to write core dump. Minidumps are not enabled by default on client versions of Windows
#

---------------  T H R E A D  ---------------

Current thread (0x0000000055436000):  JavaThread "C2 CompilerThread0" daemon [_thread_in_native, id=4476, stack(0x0000000056bf0000,0x0000000056cf0000)]

Stack: [0x0000000056bf0000,0x0000000056cf0000]
Native frames: (J=compiled Java code, j=interpreted, Vv=VM code, C=native code)
V  [jvm.dll+0x32b57a]
V  [jvm.dll+0x279873]
V  [jvm.dll+0x27a509]
V  [jvm.dll+0x271825]
V  [jvm.dll+0xcb9e2]
V  [jvm.dll+0xcbeac]
V  [jvm.dll+0x464342]
V  [jvm.dll+0x4db685]
V  [jvm.dll+0x4dc287]
V  [jvm.dll+0x46a551]
V  [jvm.dll+0x46cd52]
V  [jvm.dll+0x4500f2]
V  [jvm.dll+0xa4352]
V  [jvm.dll+0xa4c8f]
V  [jvm.dll+0x241984]
V  [jvm.dll+0x29853a]
C  [msvcr100.dll+0x21d9f]
C  [msvcr100.dll+0x21e3b]
C  [kernel32.dll+0x159cd]
C  [ntdll.dll+0x2b891]


Current CompileTask:
C2:  72750 2060       4       com.android.dx.ssa.SCCP::simulateBranch (666 bytes)


---------------  P R O C E S S  ---------------

Java Threads: ( => current thread )
  0x0000000056d49000 JavaThread "Service Thread" daemon [_thread_blocked, id=6484, stack(0x0000000057440000,0x0000000057540000)]
  0x0000000056d48000 JavaThread "C1 CompilerThread2" daemon [_thread_blocked, id=7216, stack(0x0000000056210000,0x0000000056310000)]
  0x0000000056d3e800 JavaThread "C2 CompilerThread1" daemon [_thread_in_native, id=8188, stack(0x0000000057260000,0x0000000057360000)]
=>0x0000000055436000 JavaThread "C2 CompilerThread0" daemon [_thread_in_native, id=4476, stack(0x0000000056bf0000,0x0000000056cf0000)]
  0x0000000055431800 JavaThread "Attach Listener" daemon [_thread_blocked, id=7768, stack(0x0000000056a10000,0x0000000056b10000)]
  0x0000000055430000 JavaThread "Signal Dispatcher" daemon [_thread_blocked, id=7592, stack(0x0000000056860000,0x0000000056960000)]
  0x00000000553d1000 JavaThread "Finalizer" daemon [_thread_blocked, id=9636, stack(0x0000000056670000,0x0000000056770000)]
  0x00000000553cf800 JavaThread "Reference Handler" daemon [_thread_blocked, id=5664, stack(0x0000000056470000,0x0000000056570000)]
  0x000000000234d800 JavaThread "main" [_thread_in_Java, id=904, stack(0x00000000026d0000,0x00000000027d0000)]

Other Threads:
  0x00000000553ca000 VMThread [stack: 0x0000000056350000,0x0000000056450000] [id=8204]
  0x0000000056d4a000 WatcherThread [stack: 0x0000000057550000,0x0000000057650000] [id=8636]

VM state:not at safepoint (normal execution)

VM Mutex/Monitor currently owned by a thread: None

Heap:
 PSYoungGen      total 144384K, used 22599K [0x00000000eab00000, 0x00000000f4900000, 0x0000000100000000)
  eden space 129024K, 9% used [0x00000000eab00000,0x00000000eb7976c0,0x00000000f2900000)
  from space 15360K, 63% used [0x00000000f2900000,0x00000000f327a798,0x00000000f3800000)
  to   space 13312K, 0% used [0x00000000f3800000,0x00000000f3800000,0x00000000f4500000)
 ParOldGen       total 44032K, used 43539K [0x00000000c0000000, 0x00000000c2b00000, 0x00000000eab00000)
  object space 44032K, 98% used [0x00000000c0000000,0x00000000c2a84da8,0x00000000c2b00000)
 Metaspace       used 6086K, capacity 7152K, committed 7296K, reserved 1056768K
  class space    used 576K, capacity 616K, committed 640K, reserved 1048576K

Card table byte_map: [0x0000000011e60000,0x0000000012070000] byte_map_base: 0x0000000011860000

Marking Bits: (ParMarkBitMap*) 0x0000000060bf4040
 Begin Bits: [0x0000000012840000, 0x0000000013840000)
 End Bits:   [0x0000000013840000, 0x0000000014840000)

Polling page: 0x0000000000140000

CodeCache: size=245760Kb used=9503Kb max_used=9503Kb free=236256Kb
 bounds [0x0000000002aa0000, 0x0000000003400000, 0x0000000011aa0000]
 total_blobs=2178 nmethods=1913 adapters=178
 compilation: enabled

Compilation events (10 events):
Event: 50.978 Thread 0x0000000056d48000 2097   !   2       com.android.dx.rop.code.RegisterSpec::intern (70 bytes)
Event: 50.981 Thread 0x0000000056d48000 nmethod 2097 0x00000000033b3e50 code [0x00000000033b4000, 0x00000000033b4548]
Event: 51.124 Thread 0x0000000056d48000 2098       2       com.android.dx.ssa.back.FirstFitLocalCombiningAllocator::findRangeAndAdjust (311 bytes)
Event: 51.132 Thread 0x0000000056d48000 nmethod 2098 0x00000000033b2350 code [0x00000000033b25c0, 0x00000000033b3058]
Event: 51.321 Thread 0x0000000056d48000 2100       2       com.android.dx.rop.type.Type::isCategory1 (36 bytes)
Event: 51.322 Thread 0x0000000056d48000 nmethod 2100 0x0000000002ba9290 code [0x0000000002ba93e0, 0x0000000002ba9550]
Event: 71.426 Thread 0x0000000056d48000 2101       1       java.lang.ref.Reference::access$100 (4 bytes)
Event: 71.426 Thread 0x0000000056d48000 nmethod 2101 0x00000000033b20d0 code [0x00000000033b2220, 0x00000000033b2310]
Event: 71.427 Thread 0x0000000056d48000 2102       1       java.lang.ref.Finalizer::access$000 (4 bytes)
Event: 71.428 Thread 0x0000000056d48000 nmethod 2102 0x00000000033b1e50 code [0x00000000033b1fa0, 0x00000000033b2090]

GC Heap History (10 events):
Event: 28.598 GC heap before
{Heap before GC invocations=4 (full 0):
 PSYoungGen      total 35328K, used 35310K [0x00000000eab00000, 0x00000000ef000000, 0x0000000100000000)
  eden space 32768K, 100% used [0x00000000eab00000,0x00000000ecb00000,0x00000000ecb00000)
  from space 2560K, 99% used [0x00000000ecb00000,0x00000000ecd7bb50,0x00000000ecd80000)
  to   space 2560K, 0% used [0x00000000eed80000,0x00000000eed80000,0x00000000ef000000)
 ParOldGen       total 44032K, used 8151K [0x00000000c0000000, 0x00000000c2b00000, 0x00000000eab00000)
  object space 44032K, 18% used [0x00000000c0000000,0x00000000c07f5ed8,0x00000000c2b00000)
 Metaspace       used 5896K, capacity 7088K, committed 7296K, reserved 1056768K
  class space    used 556K, capacity 616K, committed 640K, reserved 1048576K
Event: 30.447 GC heap after
Heap after GC invocations=4 (full 0):
 PSYoungGen      total 68096K, used 2547K [0x00000000eab00000, 0x00000000ef000000, 0x0000000100000000)
  eden space 65536K, 0% used [0x00000000eab00000,0x00000000eab00000,0x00000000eeb00000)
  from space 2560K, 99% used [0x00000000eed80000,0x00000000eeffcc50,0x00000000ef000000)
  to   space 2560K, 0% used [0x00000000eeb00000,0x00000000eeb00000,0x00000000eed80000)
 ParOldGen       total 44032K, used 13229K [0x00000000c0000000, 0x00000000c2b00000, 0x00000000eab00000)
  object space 44032K, 30% used [0x00000000c0000000,0x00000000c0ceb4b8,0x00000000c2b00000)
 Metaspace       used 5896K, capacity 7088K, committed 7296K, reserved 1056768K
  class space    used 556K, capacity 616K, committed 640K, reserved 1048576K
}
Event: 37.679 GC heap before
{Heap before GC invocations=5 (full 0):
 PSYoungGen      total 68096K, used 68083K [0x00000000eab00000, 0x00000000ef000000, 0x0000000100000000)
  eden space 65536K, 100% used [0x00000000eab00000,0x00000000eeb00000,0x00000000eeb00000)
  from space 2560K, 99% used [0x00000000eed80000,0x00000000eeffcc50,0x00000000ef000000)
  to   space 2560K, 0% used [0x00000000eeb00000,0x00000000eeb00000,0x00000000eed80000)
 ParOldGen       total 44032K, used 13229K [0x00000000c0000000, 0x00000000c2b00000, 0x00000000eab00000)
  object space 44032K, 30% used [0x00000000c0000000,0x00000000c0ceb4b8,0x00000000c2b00000)
 Metaspace       used 5973K, capacity 7152K, committed 7296K, reserved 1056768K
  class space    used 557K, capacity 616K, committed 640K, reserved 1048576K
Event: 37.810 GC heap after
Heap after GC invocations=5 (full 0):
 PSYoungGen      total 68096K, used 2547K [0x00000000eab00000, 0x00000000f4500000, 0x0000000100000000)
  eden space 65536K, 0% used [0x00000000eab00000,0x00000000eab00000,0x00000000eeb00000)
  from space 2560K, 99% used [0x00000000eeb00000,0x00000000eed7cf50,0x00000000eed80000)
  to   space 13312K, 0% used [0x00000000f3800000,0x00000000f3800000,0x00000000f4500000)
 ParOldGen       total 44032K, used 23826K [0x00000000c0000000, 0x00000000c2b00000, 0x00000000eab00000)
  object space 44032K, 54% used [0x00000000c0000000,0x00000000c1744908,0x00000000c2b00000)
 Metaspace       used 5973K, capacity 7152K, committed 7296K, reserved 1056768K
  class space    used 557K, capacity 616K, committed 640K, reserved 1048576K
}
Event: 44.428 GC heap before
{Heap before GC invocations=6 (full 0):
 PSYoungGen      total 68096K, used 68083K [0x00000000eab00000, 0x00000000f4500000, 0x0000000100000000)
  eden space 65536K, 100% used [0x00000000eab00000,0x00000000eeb00000,0x00000000eeb00000)
  from space 2560K, 99% used [0x00000000eeb00000,0x00000000eed7cf50,0x00000000eed80000)
  to   space 13312K, 0% used [0x00000000f3800000,0x00000000f3800000,0x00000000f4500000)
 ParOldGen       total 44032K, used 23826K [0x00000000c0000000, 0x00000000c2b00000, 0x00000000eab00000)
  object space 44032K, 54% used [0x00000000c0000000,0x00000000c1744908,0x00000000c2b00000)
 Metaspace       used 5983K, capacity 7152K, committed 7296K, reserved 1056768K
  class space    used 558K, capacity 616K, committed 640K, reserved 1048576K
Event: 44.800 GC heap after
Heap after GC invocations=6 (full 0):
 PSYoungGen      total 142336K, used 12488K [0x00000000eab00000, 0x00000000f4900000, 0x0000000100000000)
  eden space 129024K, 0% used [0x00000000eab00000,0x00000000eab00000,0x00000000f2900000)
  from space 13312K, 93% used [0x00000000f3800000,0x00000000f4432228,0x00000000f4500000)
  to   space 15360K, 0% used [0x00000000f2900000,0x00000000f2900000,0x00000000f3800000)
 ParOldGen       total 44032K, used 23826K [0x00000000c0000000, 0x00000000c2b00000, 0x00000000eab00000)
  object space 44032K, 54% used [0x00000000c0000000,0x00000000c1744908,0x00000000c2b00000)
 Metaspace       used 5983K, capacity 7152K, committed 7296K, reserved 1056768K
  class space    used 558K, capacity 616K, committed 640K, reserved 1048576K
}
Event: 51.361 GC heap before
{Heap before GC invocations=7 (full 0):
 PSYoungGen      total 142336K, used 141512K [0x00000000eab00000, 0x00000000f4900000, 0x0000000100000000)
  eden space 129024K, 100% used [0x00000000eab00000,0x00000000f2900000,0x00000000f2900000)
  from space 13312K, 93% used [0x00000000f3800000,0x00000000f4432228,0x00000000f4500000)
  to   space 15360K, 0% used [0x00000000f2900000,0x00000000f2900000,0x00000000f3800000)
 ParOldGen       total 44032K, used 23826K [0x00000000c0000000, 0x00000000c2b00000, 0x00000000eab00000)
  object space 44032K, 54% used [0x00000000c0000000,0x00000000c1744908,0x00000000c2b00000)
 Metaspace       used 6086K, capacity 7152K, committed 7296K, reserved 1056768K
  class space    used 576K, capacity 616K, committed 640K, reserved 1048576K
Event: 57.516 GC heap after
Heap after GC invocations=7 (full 0):
 PSYoungGen      total 144384K, used 15359K [0x00000000eab00000, 0x00000000f4900000, 0x0000000100000000)
  eden space 129024K, 0% used [0x00000000eab00000,0x00000000eab00000,0x00000000f2900000)
  from space 15360K, 99% used [0x00000000f2900000,0x00000000f37fff60,0x00000000f3800000)
  to   space 13312K, 0% used [0x00000000f3800000,0x00000000f3800000,0x00000000f4500000)
 ParOldGen       total 44032K, used 41479K [0x00000000c0000000, 0x00000000c2b00000, 0x00000000eab00000)
  object space 44032K, 94% used [0x00000000c0000000,0x00000000c2881d08,0x00000000c2b00000)
 Metaspace       used 6086K, capacity 7152K, committed 7296K, reserved 1056768K
  class space    used 576K, capacity 616K, committed 640K, reserved 1048576K
}
Event: 57.516 GC heap before
{Heap before GC invocations=8 (full 1):
 PSYoungGen      total 144384K, used 15359K [0x00000000eab00000, 0x00000000f4900000, 0x0000000100000000)
  eden space 129024K, 0% used [0x00000000eab00000,0x00000000eab00000,0x00000000f2900000)
  from space 15360K, 99% used [0x00000000f2900000,0x00000000f37fff60,0x00000000f3800000)
  to   space 13312K, 0% used [0x00000000f3800000,0x00000000f3800000,0x00000000f4500000)
 ParOldGen       total 44032K, used 41479K [0x00000000c0000000, 0x00000000c2b00000, 0x00000000eab00000)
  object space 44032K, 94% used [0x00000000c0000000,0x00000000c2881d08,0x00000000c2b00000)
 Metaspace       used 6086K, capacity 7152K, committed 7296K, reserved 1056768K
  class space    used 576K, capacity 616K, committed 640K, reserved 1048576K
Event: 71.365 GC heap after
Heap after GC invocations=8 (full 1):
 PSYoungGen      total 144384K, used 9705K [0x00000000eab00000, 0x00000000f4900000, 0x0000000100000000)
  eden space 129024K, 0% used [0x00000000eab00000,0x00000000eab00000,0x00000000f2900000)
  from space 15360K, 63% used [0x00000000f2900000,0x00000000f327a798,0x00000000f3800000)
  to   space 13312K, 0% used [0x00000000f3800000,0x00000000f3800000,0x00000000f4500000)
 ParOldGen       total 44032K, used 43539K [0x00000000c0000000, 0x00000000c2b00000, 0x00000000eab00000)
  object space 44032K, 98% used [0x00000000c0000000,0x00000000c2a84da8,0x00000000c2b00000)
 Metaspace       used 6086K, capacity 7152K, committed 7296K, reserved 1056768K
  class space    used 576K, capacity 616K, committed 640K, reserved 1048576K
}

Deoptimization events (10 events):
Event: 45.693 Thread 0x000000000234d800 Uncommon trap: reason=class_check action=maybe_recompile pc=0x0000000002fef574 method=java.util.HashMap.putVal(ILjava/lang/Object;Ljava/lang/Object;ZZ)Ljava/lang/Object; @ 203
Event: 46.150 Thread 0x000000000234d800 Uncommon trap: reason=bimorphic action=maybe_recompile pc=0x00000000032f5894 method=com.android.dx.cf.code.BytecodeArray.parseInstruction(ILcom/android/dx/cf/code/BytecodeArray$Visitor;)I @ 1130
Event: 46.152 Thread 0x000000000234d800 Uncommon trap: reason=bimorphic action=maybe_recompile pc=0x00000000032f5894 method=com.android.dx.cf.code.BytecodeArray.parseInstruction(ILcom/android/dx/cf/code/BytecodeArray$Visitor;)I @ 1130
Event: 49.836 Thread 0x000000000234d800 Uncommon trap: reason=unstable_if action=reinterpret pc=0x000000000311026c method=com.android.dx.rop.cst.CstNat.equals(Ljava/lang/Object;)Z @ 25
Event: 50.139 Thread 0x000000000234d800 Uncommon trap: reason=bimorphic action=maybe_recompile pc=0x00000000033c0024 method=com.android.dx.cf.code.BytecodeArray.parseInstruction(ILcom/android/dx/cf/code/BytecodeArray$Visitor;)I @ 2281
Event: 50.141 Thread 0x000000000234d800 Uncommon trap: reason=bimorphic action=maybe_recompile pc=0x00000000033c0024 method=com.android.dx.cf.code.BytecodeArray.parseInstruction(ILcom/android/dx/cf/code/BytecodeArray$Visitor;)I @ 2281
Event: 50.321 Thread 0x000000000234d800 Uncommon trap: reason=unstable_if action=reinterpret pc=0x0000000003168c00 method=java.util.HashMap.getNode(ILjava/lang/Object;)Ljava/util/HashMap$Node; @ 84
Event: 50.322 Thread 0x000000000234d800 Uncommon trap: reason=unstable_if action=reinterpret pc=0x00000000030f0e30 method=java.util.HashMap.getNode(ILjava/lang/Object;)Ljava/util/HashMap$Node; @ 84
Event: 50.615 Thread 0x000000000234d800 Uncommon trap: reason=unstable_if action=reinterpret pc=0x0000000003343dec method=com.android.dx.rop.code.DexTranslationAdvice.hasConstantOperation(Lcom/android/dx/rop/code/Rop;Lcom/android/dx/rop/code/RegisterSpec;Lcom/android/dx/rop/code/RegisterSpec;)Z d‰®òwI@
Event: 50.930 Thread 0x000000000234d800 Uncommon trap: reason=unstable_if action=reinterpret pc=0x0000000003190f24 method=java.util.HashMap.putVal(ILjava/lang/Object;Ljava/lang/Object;ZZ)Ljava/lang/Object; @ 162

Internal exceptions (7 events):
Event: 0.263 Thread 0x000000000234d800 Exception <a 'java/lang/NoSuchMethodError': Method sun.misc.Unsafe.defineClass(Ljava/lang/String;[BII)Ljava/lang/Class; name or signature does not match> (0x00000000eab0d218) thrown at [C:\re\workspace\8-2-build-windows-amd64-cygwin\jdk8u45\3457\hotspot\srÉò]ªÜÐ?
Event: 0.263 Thread 0x000000000234d800 Exception <a 'java/lang/NoSuchMethodError': Method sun.misc.Unsafe.prefetchRead(Ljava/lang/Object;J)V name or signature does not match> (0x00000000eab0d4a8) thrown at [C:\re\workspace\8-2-build-windows-amd64-cygwin\jdk8u45\3457\hotspot\src\share\vm\prims\j­»»S½6@
Event: 22.740 Thread 0x000000000234d800 Implicit null exception at 0x0000000002eba912 to 0x0000000002ebaa02
Event: 34.154 Thread 0x000000000234d800 Implicit null exception at 0x00000000030ec978 to 0x00000000030edbdd
Event: 50.319 Thread 0x000000000234d800 Exception <a 'java/lang/ArrayIndexOutOfBoundsException': 18> (0x00000000f1222048) thrown at [C:\re\workspace\8-2-build-windows-amd64-cygwin\jdk8u45\3457\hotspot\src\share\vm\interpreter\interpreterRuntime.cpp, line 366]
Event: 50.953 Thread 0x000000000234d800 Exception <a 'java/lang/ArrayIndexOutOfBoundsException'> (0x00000000f1ecd3b8) thrown at [C:\re\workspace\8-2-build-windows-amd64-cygwin\jdk8u45\3457\hotspot\src\share\vm\runtime\sharedRuntime.cpp, line 605]
Event: 50.971 Thread 0x000000000234d800 Exception <a 'java/lang/ArrayIndexOutOfBoundsException'> (0x00000000f1ece5f0) thrown at [C:\re\workspace\8-2-build-windows-amd64-cygwin\jdk8u45\3457\hotspot\src\share\vm\runtime\sharedRuntime.cpp, line 605]

Events (10 events):
Event: 50.972 loading class java/lang/reflect/TypeVariable done
Event: 50.972 loading class sun/reflect/generics/reflectiveObjects/TypeVariableImpl
Event: 50.973 loading class sun/reflect/generics/reflectiveObjects/LazyReflectiveObjectGenerator
Event: 50.973 loading class sun/reflect/generics/reflectiveObjects/LazyReflectiveObjectGenerator done
Event: 50.973 loading class sun/reflect/generics/reflectiveObjects/TypeVariableImpl done
Event: 51.053 Thread 0x000000000234d800 DEOPT PACKING pc=0x0000000002f0a031 sp=0x00000000027ce5f0
Event: 51.053 Thread 0x000000000234d800 DEOPT UNPACKING pc=0x0000000002ae787f sp=0x00000000027ce350 mode 0
Event: 51.361 Executing VM operation: ParallelGCFailedAllocation
Event: 71.366 Executing VM operation: ParallelGCFailedAllocation done
Event: 71.654 Thread 0x000000000234d800 DEOPT PACKING pc=0x0000000002f0a031 sp=0x00000000027ce4d0


Dynamic libraries:
0x000000013f230000 - 0x000000013f267000 	C:\Program Files\Java\jdk1.8.0_45\bin\java.exe
0x0000000077480000 - 0x0000000077628000 	C:\Windows\SYSTEM32\ntdll.dll
0x0000000077260000 - 0x000000007737f000 	C:\Windows\system32\kernel32.dll
0x000007fefd2e0000 - 0x000007fefd34c000 	C:\Windows\system32\KERNELBASE.dll
0x000007fefd800000 - 0x000007fefd8db000 	C:\Windows\system32\ADVAPI32.dll
0x000007fefe230000 - 0x000007fefe2cf000 	C:\Windows\system32\msvcrt.dll
0x000007fefdf40000 - 0x000007fefdf5f000 	C:\Windows\SYSTEM32\sechost.dll
0x000007fefe2d0000 - 0x000007fefe3fd000 	C:\Windows\system32\RPCRT4.dll
0x0000000077380000 - 0x000000007747a000 	C:\Windows\system32\USER32.dll
0x000007fefded0000 - 0x000007fefdf37000 	C:\Windows\system32\GDI32.dll
0x000007fefe510000 - 0x000007fefe51e000 	C:\Windows\system32\LPK.dll
0x000007feff6c0000 - 0x000007feff789000 	C:\Windows\system32\USP10.dll
0x000007fefbb10000 - 0x000007fefbd04000 	C:\Windows\WinSxS\amd64_microsoft.windows.common-controls_6595b64144ccf1df_6.0.7601.18837_none_fa3b1e3d17594757\COMCTL32.dll
0x000007fefe810000 - 0x000007fefe881000 	C:\Windows\system32\SHLWAPI.dll
0x000007fefe4e0000 - 0x000007fefe50e000 	C:\Windows\system32\IMM32.DLL
0x000007fefd8e0000 - 0x000007fefd9e9000 	C:\Windows\system32\MSCTF.dll
0x000007fefd160000 - 0x000007fefd1a0000 	C:\Windows\system32\nvinitx.dll
0x000000006ae00000 - 0x000000006aed2000 	C:\Program Files\Java\jdk1.8.0_45\jre\bin\msvcr100.dll
0x00000000603f0000 - 0x0000000060c73000 	C:\Program Files\Java\jdk1.8.0_45\jre\bin\server\jvm.dll
0x000007fefbaf0000 - 0x000007fefbaf9000 	C:\Windows\system32\WSOCK32.dll
0x000007fefdb10000 - 0x000007fefdb5d000 	C:\Windows\system32\WS2_32.dll
0x000007fefe800000 - 0x000007fefe808000 	C:\Windows\system32\NSI.dll
0x000007fef93a0000 - 0x000007fef93db000 	C:\Windows\system32\WINMM.dll
0x000007fefc110000 - 0x000007fefc11c000 	C:\Windows\system32\VERSION.dll
0x0000000077650000 - 0x0000000077657000 	C:\Windows\system32\PSAPI.DLL
0x000000006f600000 - 0x000000006f60f000 	C:\Program Files\Java\jdk1.8.0_45\jre\bin\verify.dll
0x000000006c4f0000 - 0x000000006c519000 	C:\Program Files\Java\jdk1.8.0_45\jre\bin\java.dll
0x000000006c820000 - 0x000000006c836000 	C:\Program Files\Java\jdk1.8.0_45\jre\bin\zip.dll
0x000007fefe930000 - 0x000007feff6b9000 	C:\Windows\system32\SHELL32.dll
0x000007fefd5f0000 - 0x000007fefd7f3000 	C:\Windows\system32\ole32.dll
0x000007fefd230000 - 0x000007fefd23f000 	C:\Windows\system32\profapi.dll
0x000007fef6f50000 - 0x000007fef7075000 	C:\Windows\system32\dbghelp.dll

VM Arguments:
jvm_args: -Xmx1024M -Dfile.encoding=windows-1252 -Duser.country=US -Duser.language=en -Duser.variant 
java_command: com.android.dx.command.Main --dex --output C:\Users\USER\AndroidStudioProjects\TangoTvCli\app\build\intermediates\pre-dexed\release\classes-db4d6e9ca37e36162070edb230b0fe90dd5a85e1.jar C:\Users\USER\AndroidStudioProjects\TangoTvCli\app\build\intermediates\exploded-aar\com.android.support\support-v4\22.0.0\classes.jar
java_class_path (initial): C:\Users\USER\AppData\Local\Android\sdk\build-tools\22.0.0\lib\dx.jar
Launcher Type: SUN_STANDARD

Environment Variables:
JAVA_HOME=C:\Program Files (x86)\Java\jre1.8.0_45
PATH=C:\ProgramData\Oracle\Java\javapath;C:\Windows\system32;C:\Windows;C:\Windows\System32\Wbem;C:\Program Files (x86)\Java\jre1.8.0_45\bin;C:\wamp\bin\php\php5.5.12;C:\ProgramData\ComposerSetup\bin;C:\Program Files (x86)\Java\jre1.8.0_45\bin
USERNAME=USER
OS=Windows_NT
PROCESSOR_IDENTIFIER=Intel64 Family 6 Model 42 Stepping 7, GenuineIntel



---------------  S Y S T E M  ---------------

OS: Windows 7 , 64 bit Build 7601 (6.1.7601.18847)

CPU:total 4 (2 cores per cpu, 2 threads per core) family 6 model 42 stepping 7, cmov, cx8, fxsr, mmx, sse, sse2, sse3, ssse3, sse4.1, sse4.2, popcnt, avx, aes, clmul, ht, tsc, tscinvbit

Memory: 4k page, physical 4072464k(161980k free), swap 8244400k(3544k free)

vm_info: Java HotSpot(TM) 64-Bit Server VM (25.45-b02) for windows-amd64 JRE (1.8.0_45-b14), built on Apr 10 2015 10:34:15 by "java_re" with MS VC++ 10.0 (VS2010)

time: Mon Jun 22 17:51:41 2015
elapsed time: 76 seconds (0d 0h 1m 16s)

